<?xml version="1.0" encoding="UTF-8"?>
<!-- Generated by org.testng.reporters.JUnitReportReporter -->
<testsuite hostname="DELL-PC" failures="0" tests="3" name="runner.TestRunner" time="57.155" errors="0" timestamp="09 Nov 2022 05:37:55 GMT" skipped="0">
  <testcase classname="runner.TestRunner" name="runScenario" time="20.998"/>
  <testcase classname="runner.TestRunner" name="runScenario" time="19.557"/>
  <testcase classname="runner.TestRunner" name="runScenario" time="16.600"/>
</testsuite> <!-- runner.TestRunner -->
