<?xml version="1.0" encoding="UTF-8"?>
<!-- Generated by org.testng.reporters.JUnitReportReporter -->
<testsuite hostname="DELL-PC" failures="0" tests="3" name="practice.parameter5" time="0.017" errors="0" timestamp="2022-10-19T11:42:14 IST" skipped="0">
  <testcase classname="practice.parameter5" name="checkNotification" time="0.002"/>
  <system-out/>
  <testcase classname="practice.parameter5" name="signIn" time="0.012"/>
  <system-out/>
  <testcase classname="practice.parameter5" name="login" time="0.003"/>
  <system-out/>
</testsuite> <!-- practice.parameter5 -->
