<?xml version="1.0" encoding="UTF-8"?>
<!-- Generated by org.testng.reporters.JUnitReportReporter -->
<testsuite hostname="DELL-PC" failures="0" tests="3" name="practice.Parameter2" time="0.022" errors="0" timestamp="2022-10-19T11:37:58 IST" skipped="0">
  <testcase classname="practice.Parameter2" name="login" time="0.014"/>
  <system-out/>
  <testcase classname="practice.Parameter2" name="sendEmail" time="0.004"/>
  <system-out/>
  <testcase classname="practice.Parameter2" name="logout" time="0.004"/>
  <system-out/>
</testsuite> <!-- practice.Parameter2 -->
