<?xml version="1.0" encoding="UTF-8"?>
<!-- Generated by org.testng.reporters.JUnitReportReporter -->
<testsuite hostname="DELL-PC" failures="0" tests="1" name="practice.Parameter1" time="0.015" errors="0" timestamp="2022-10-19T11:32:32 IST" skipped="0">
  <testcase classname="practice.Parameter1" name="param1" time="0.015"/>
  <system-out/>
</testsuite> <!-- practice.Parameter1 -->
