<?xml version="1.0" encoding="UTF-8"?>
<!-- Generated by org.testng.reporters.JUnitReportReporter -->
<testsuite hostname="DELL-PC" failures="0" tests="3" name="practice.Example1" time="0.013" errors="0" timestamp="2022-10-19T11:16:48 IST" skipped="0">
  <testcase classname="practice.Example1" name="openBrowser" time="0.009"/>
  <system-out/>
  <testcase classname="practice.Example1" name="verifyLogin" time="0.002"/>
  <system-out/>
  <testcase classname="practice.Example1" name="createTask" time="0.002"/>
  <system-out/>
</testsuite> <!-- practice.Example1 -->
