<?xml version="1.0" encoding="UTF-8"?>
<!-- Generated by org.testng.reporters.JUnitReportReporter -->
<testsuite hostname="DELL-PC" failures="0" tests="3" name="practice.Parameter4" time="0.019" errors="0" timestamp="2022-10-19T11:41:17 IST" skipped="0">
  <testcase classname="practice.Parameter4" name="checkNotification" time="0.002"/>
  <system-out/>
  <testcase classname="practice.Parameter4" name="signIn" time="0.014"/>
  <system-out/>
  <testcase classname="practice.Parameter4" name="login" time="0.003"/>
  <system-out/>
</testsuite> <!-- practice.Parameter4 -->
