<?xml version="1.0" encoding="UTF-8"?>
<!-- Generated by org.testng.reporters.JUnitReportReporter -->
<testsuite hostname="DELL-PC" failures="0" tests="3" name="practice.Parameter3" time="0.021" errors="0" timestamp="2022-10-19T11:39:59 IST" skipped="1">
  <testcase classname="practice.Parameter3" name="param1" time="0.016"/>
  <system-out/>
  <testcase classname="practice.Parameter3" name="param2" time="0.005"/>
  <system-out/>
  <testcase classname="practice.Parameter3" name="param3">
    <skipped/>
  </testcase> <!-- param3 -->
  <system-out/>
</testsuite> <!-- practice.Parameter3 -->
