<?xml version="1.0" encoding="UTF-8"?>
<!-- Generated by org.testng.reporters.JUnitReportReporter -->
<testsuite hostname="DELL-PC" failures="0" tests="3" name="practice.Example3Anotation" time="0.019" errors="0" timestamp="2022-10-19T11:30:37 IST" skipped="0">
  <testcase classname="practice.Example3Anotation" name="enterAppUrl" time="0.012"/>
  <system-out/>
  <testcase classname="practice.Example3Anotation" name="verifyLogin" time="0.004"/>
  <system-out/>
  <testcase classname="practice.Example3Anotation" name="createTask" time="0.003"/>
  <system-out/>
</testsuite> <!-- practice.Example3Anotation -->
