<?xml version="1.0" encoding="UTF-8"?>
<!-- Generated by org.testng.reporters.JUnitReportReporter -->
<testsuite hostname="DELL-PC" failures="0" tests="3" name="practice.Example2Annotation" time="0.024" errors="0" timestamp="2022-10-19T11:20:33 IST" skipped="0">
  <testcase classname="practice.Example2Annotation" name="openBrowser" time="0.010"/>
  <system-out/>
  <testcase classname="practice.Example2Annotation" name="verifyLogin" time="0.003"/>
  <system-out/>
  <testcase classname="practice.Example2Annotation" name="createTask" time="0.011"/>
  <system-out/>
</testsuite> <!-- practice.Example2Annotation -->
