<?xml version="1.0" encoding="UTF-8"?>
<!-- Generated by org.testng.reporters.JUnitReportReporter -->
<testsuite hostname="DELL-PC" failures="0" tests="2" name="practice.parameter7$Example_Param7" time="0.018" errors="0" timestamp="2022-10-19T11:45:17 IST" skipped="0">
  <testcase classname="practice.parameter7$Example_Param7" name="login" time="0.015"/>
  <system-out/>
  <testcase classname="practice.parameter7$Example_Param7" name="signin" time="0.003"/>
  <system-out/>
</testsuite> <!-- practice.parameter7$Example_Param7 -->
