<?xml version="1.0" encoding="UTF-8"?>
<!-- Generated by org.testng.reporters.JUnitReportReporter -->
<testsuite hostname="DELL-PC" failures="0" tests="1" name="assingment2.NewTest" time="58.752" errors="0" timestamp="2022-10-19T11:59:58 IST" skipped="0">
  <testcase classname="assingment2.NewTest" name="f" time="58.752"/>
  <system-out/>
</testsuite> <!-- assingment2.NewTest -->
