<?xml version="1.0" encoding="UTF-8"?>
<!-- Generated by org.testng.reporters.JUnitReportReporter -->
<testsuite hostname="DELL-PC" failures="0" tests="3" name="practice.Parameter6" time="0.529" errors="0" timestamp="2022-10-19T11:43:48 IST" skipped="0">
  <testcase classname="practice.Parameter6" name="checkNotification" time="0.513"/>
  <system-out/>
  <testcase classname="practice.Parameter6" name="signIn" time="0.013"/>
  <system-out/>
  <testcase classname="practice.Parameter6" name="login" time="0.003"/>
  <system-out/>
</testsuite> <!-- practice.Parameter6 -->
