<?xml version="1.0" encoding="UTF-8"?>
<!-- Generated by org.testng.reporters.JUnitReportReporter -->
<testsuite hostname="DELL-PC" failures="0" tests="6" name="advanceTestNgPractice.DataProvider" time="0.000" errors="0" timestamp="09 Nov 2022 08:44:26 GMT" skipped="6">
  <testcase classname="advanceTestNgPractice.DataProvider" name="setdata" time="0.000">
    <skipped/>
  </testcase> <!-- setdata -->
  <testcase classname="advanceTestNgPractice.DataProvider" name="Testlogin" time="0.000">
    <skipped/>
  </testcase> <!-- Testlogin -->
  <testcase classname="advanceTestNgPractice.DataProvider" name="setdata" time="0.000">
    <skipped/>
  </testcase> <!-- setdata -->
  <testcase classname="advanceTestNgPractice.DataProvider" name="Testlogin" time="0.000">
    <skipped/>
  </testcase> <!-- Testlogin -->
  <testcase classname="advanceTestNgPractice.DataProvider" name="setdata" time="0.000">
    <skipped/>
  </testcase> <!-- setdata -->
  <testcase classname="advanceTestNgPractice.DataProvider" name="Testlogin" time="0.000">
    <skipped/>
  </testcase> <!-- Testlogin -->
</testsuite> <!-- advanceTestNgPractice.DataProvider -->
