<?xml version="1.0" encoding="UTF-8"?>
<!-- Generated by org.testng.reporters.JUnitReportReporter -->
<testsuite hostname="DELL-PC" failures="0" tests="2" name="basictestng.Actitime_ExceptionAndTimeout" time="0.000" errors="0" timestamp="09 Nov 2022 08:44:26 GMT" skipped="2">
  <testcase classname="basictestng.Actitime_ExceptionAndTimeout" name="dividedByZeroExample1" time="0.000">
    <skipped/>
  </testcase> <!-- dividedByZeroExample1 -->
  <testcase classname="basictestng.Actitime_ExceptionAndTimeout" name="executetimeOut" time="0.000">
    <skipped/>
  </testcase> <!-- executetimeOut -->
</testsuite> <!-- basictestng.Actitime_ExceptionAndTimeout -->
