<?xml version="1.0" encoding="UTF-8"?>
<!-- Generated by org.testng.reporters.JUnitReportReporter -->
<testsuite hostname="DELL-PC" failures="0" tests="4" name="basictestng.Actitime" time="0.000" errors="0" timestamp="09 Nov 2022 08:44:26 GMT" skipped="4">
  <testcase classname="basictestng.Actitime" name="c_createTask" time="0.000">
    <skipped/>
  </testcase> <!-- c_createTask -->
  <testcase classname="basictestng.Actitime" name="b_login" time="0.000">
    <skipped/>
  </testcase> <!-- b_login -->
  <testcase classname="basictestng.Actitime" name="a_openBrowserAndAppURL" time="0.000">
    <skipped/>
  </testcase> <!-- a_openBrowserAndAppURL -->
  <testcase classname="basictestng.Actitime" name="d_logoutClose" time="0.000">
    <skipped/>
  </testcase> <!-- d_logoutClose -->
</testsuite> <!-- basictestng.Actitime -->
