<?xml version="1.0" encoding="UTF-8"?>
<!-- Generated by org.testng.reporters.JUnitReportReporter -->
<testsuite hostname="DELL-PC" failures="0" tests="1" name="basictestng.Actitime_Timeout" time="0.000" errors="0" timestamp="09 Nov 2022 08:44:26 GMT" skipped="1">
  <testcase classname="basictestng.Actitime_Timeout" name="openBrowserAndAppURL" time="0.000">
    <skipped/>
  </testcase> <!-- openBrowserAndAppURL -->
</testsuite> <!-- basictestng.Actitime_Timeout -->
