<?xml version="1.0" encoding="UTF-8"?>
<!-- Generated by org.testng.reporters.JUnitReportReporter -->
<testsuite hostname="DELL-PC" failures="0" tests="1" name="javascriptexecutor.Example2" time="0.000" errors="0" timestamp="09 Nov 2022 08:44:27 GMT" skipped="1">
  <testcase classname="javascriptexecutor.Example2" name="TestCase1" time="0.000">
    <skipped/>
  </testcase> <!-- TestCase1 -->
</testsuite> <!-- javascriptexecutor.Example2 -->
