<?xml version="1.0" encoding="UTF-8"?>
<!-- Generated by org.testng.reporters.JUnitReportReporter -->
<testsuite hostname="DELL-PC" failures="0" tests="3" name="extent.Extent2" time="0.000" errors="0" timestamp="09 Nov 2022 08:44:26 GMT" skipped="3">
  <testcase classname="extent.Extent2" name="testCase2" time="0.000">
    <skipped/>
  </testcase> <!-- testCase2 -->
  <testcase classname="extent.Extent2" name="skipTest" time="0.000">
    <skipped/>
  </testcase> <!-- skipTest -->
  <testcase classname="extent.Extent2" name="testCase1" time="0.000">
    <skipped/>
  </testcase> <!-- testCase1 -->
</testsuite> <!-- extent.Extent2 -->
