<?xml version="1.0" encoding="UTF-8"?>
<!-- Generated by org.testng.reporters.JUnitReportReporter -->
<testsuite hostname="DELL-PC" failures="0" tests="4" name="assingment.Excel2" time="0.000" errors="0" timestamp="09 Nov 2022 08:44:27 GMT" skipped="4">
  <testcase classname="assingment.Excel2" name="GetDiffTypeOfCellData" time="0.000">
    <skipped/>
  </testcase> <!-- GetDiffTypeOfCellData -->
  <testcase classname="assingment.Excel2" name="getrowDetails" time="0.000">
    <skipped/>
  </testcase> <!-- getrowDetails -->
  <testcase classname="assingment.Excel2" name="GetCellDetails" time="0.000">
    <skipped/>
  </testcase> <!-- GetCellDetails -->
  <testcase classname="assingment.Excel2" name="readsheetdata" time="0.000">
    <skipped/>
  </testcase> <!-- readsheetdata -->
</testsuite> <!-- assingment.Excel2 -->
