<?xml version="1.0" encoding="UTF-8"?>
<!-- Generated by org.testng.reporters.JUnitReportReporter -->
<testsuite hostname="DELL-PC" failures="0" tests="4" name="datadriventesting.ExcelReading" time="0.000" errors="0" timestamp="09 Nov 2022 08:44:26 GMT" skipped="4">
  <testcase classname="datadriventesting.ExcelReading" name="getCellDetails" time="0.000">
    <skipped/>
  </testcase> <!-- getCellDetails -->
  <testcase classname="datadriventesting.ExcelReading" name="getRowDetails" time="0.000">
    <skipped/>
  </testcase> <!-- getRowDetails -->
  <testcase classname="datadriventesting.ExcelReading" name="getDiffTypeOfCellData" time="0.000">
    <skipped/>
  </testcase> <!-- getDiffTypeOfCellData -->
  <testcase classname="datadriventesting.ExcelReading" name="readSheetDetails" time="0.000">
    <skipped/>
  </testcase> <!-- readSheetDetails -->
</testsuite> <!-- datadriventesting.ExcelReading -->
