<?xml version="1.0" encoding="UTF-8"?>
<!-- Generated by org.testng.reporters.JUnitReportReporter -->
<testsuite hostname="DELL-PC" failures="0" tests="3" name="advancetestng.VtigerLogin" time="0.000" errors="0" timestamp="09 Nov 2022 08:44:26 GMT" skipped="3">
  <testcase classname="advancetestng.VtigerLogin" name="loginInVtiger" time="0.000">
    <skipped/>
  </testcase> <!-- loginInVtiger -->
  <testcase classname="advancetestng.VtigerLogin" name="loginInVtiger" time="0.000">
    <skipped/>
  </testcase> <!-- loginInVtiger -->
  <testcase classname="advancetestng.VtigerLogin" name="loginInVtiger" time="0.000">
    <skipped/>
  </testcase> <!-- loginInVtiger -->
</testsuite> <!-- advancetestng.VtigerLogin -->
