<?xml version="1.0" encoding="UTF-8"?>
<!-- Generated by org.testng.reporters.JUnitReportReporter -->
<testsuite hostname="DELL-PC" failures="0" tests="6" name="advancetestng.DataProviderExample" time="0.000" errors="0" timestamp="09 Nov 2022 08:44:26 GMT" skipped="6">
  <testcase classname="advancetestng.DataProviderExample" name="testLoginOfVtiger" time="0.000">
    <skipped/>
  </testcase> <!-- testLoginOfVtiger -->
  <testcase classname="advancetestng.DataProviderExample" name="testLoginOfVtiger" time="0.000">
    <skipped/>
  </testcase> <!-- testLoginOfVtiger -->
  <testcase classname="advancetestng.DataProviderExample" name="setData" time="0.000">
    <skipped/>
  </testcase> <!-- setData -->
  <testcase classname="advancetestng.DataProviderExample" name="setData" time="0.000">
    <skipped/>
  </testcase> <!-- setData -->
  <testcase classname="advancetestng.DataProviderExample" name="testLoginOfVtiger" time="0.000">
    <skipped/>
  </testcase> <!-- testLoginOfVtiger -->
  <testcase classname="advancetestng.DataProviderExample" name="setData" time="0.000">
    <skipped/>
  </testcase> <!-- setData -->
</testsuite> <!-- advancetestng.DataProviderExample -->
