<?xml version="1.0" encoding="UTF-8"?>
<!-- Generated by org.testng.reporters.JUnitReportReporter -->
<testsuite hostname="DELL-PC" failures="0" tests="3" name="webscripts.TestCampaignPage" time="0.000" errors="0" timestamp="09 Nov 2022 08:44:26 GMT" skipped="3">
  <testcase classname="webscripts.TestCampaignPage" name="Delete" time="0.000">
    <skipped/>
  </testcase> <!-- Delete -->
  <testcase classname="webscripts.TestCampaignPage" name="TestcreateCampaign" time="0.000">
    <skipped/>
  </testcase> <!-- TestcreateCampaign -->
  <testcase classname="webscripts.TestCampaignPage" name="CampaignMod" time="0.000">
    <skipped/>
  </testcase> <!-- CampaignMod -->
</testsuite> <!-- webscripts.TestCampaignPage -->
