<?xml version="1.0" encoding="UTF-8"?>
<!-- Generated by org.testng.reporters.JUnitReportReporter -->
<testsuite hostname="DELL-PC" failures="0" tests="2" name="basictestng.TestCaseExecutionControl" time="0.000" errors="0" timestamp="09 Nov 2022 08:44:26 GMT" skipped="2">
  <testcase classname="basictestng.TestCaseExecutionControl" name="testCaseSignup" time="0.000">
    <skipped/>
  </testcase> <!-- testCaseSignup -->
  <testcase classname="basictestng.TestCaseExecutionControl" name="testCaseDeletion">
    <skipped/>
  </testcase> <!-- testCaseDeletion -->
</testsuite> <!-- basictestng.TestCaseExecutionControl -->
