<?xml version="1.0" encoding="UTF-8"?>
<!-- Generated by org.testng.reporters.JUnitReportReporter -->
<testsuite hostname="DELL-PC" failures="0" tests="2" name="advanceTestNgPractice.RetryTc" time="0.000" errors="0" timestamp="09 Nov 2022 08:44:26 GMT" skipped="2">
  <testcase classname="advanceTestNgPractice.RetryTc" name="Test2" time="0.000">
    <skipped/>
  </testcase> <!-- Test2 -->
  <testcase classname="advanceTestNgPractice.RetryTc" name="Test1" time="0.000">
    <skipped/>
  </testcase> <!-- Test1 -->
</testsuite> <!-- advanceTestNgPractice.RetryTc -->
