<?xml version="1.0" encoding="UTF-8"?>
<!-- Generated by org.testng.reporters.JUnitReportReporter -->
<testsuite hostname="DELL-PC" failures="0" tests="3" name="basictestng.Sample4" time="0.000" errors="0" timestamp="09 Nov 2022 08:44:26 GMT" skipped="3">
  <testcase classname="basictestng.Sample4" name="b_login" time="0.000">
    <skipped/>
  </testcase> <!-- b_login -->
  <testcase classname="basictestng.Sample4" name="c_compose" time="0.000">
    <skipped/>
  </testcase> <!-- c_compose -->
  <testcase classname="basictestng.Sample4" name="a_signUp" time="0.000">
    <skipped/>
  </testcase> <!-- a_signUp -->
</testsuite> <!-- basictestng.Sample4 -->
