<?xml version="1.0" encoding="UTF-8"?>
<!-- Generated by org.testng.reporters.JUnitReportReporter -->
<testsuite hostname="DELL-PC" failures="0" tests="6" name="advanceTestNgPractice.Group" time="0.000" errors="0" timestamp="09 Nov 2022 08:44:26 GMT" skipped="6">
  <testcase classname="advanceTestNgPractice.Group" name="testCaseFive" time="0.000">
    <skipped/>
  </testcase> <!-- testCaseFive -->
  <testcase classname="advanceTestNgPractice.Group" name="testCaseOne" time="0.000">
    <skipped/>
  </testcase> <!-- testCaseOne -->
  <testcase classname="advanceTestNgPractice.Group" name="testCasefour" time="0.000">
    <skipped/>
  </testcase> <!-- testCasefour -->
  <testcase classname="advanceTestNgPractice.Group" name="testCaseTwo" time="0.000">
    <skipped/>
  </testcase> <!-- testCaseTwo -->
  <testcase classname="advanceTestNgPractice.Group" name="testCaseThree" time="0.000">
    <skipped/>
  </testcase> <!-- testCaseThree -->
  <testcase classname="advanceTestNgPractice.Group" name="testCaseSix" time="0.000">
    <skipped/>
  </testcase> <!-- testCaseSix -->
</testsuite> <!-- advanceTestNgPractice.Group -->
