<?xml version="1.0" encoding="UTF-8"?>
<!-- Generated by org.testng.reporters.JUnitReportReporter -->
<testsuite hostname="DELL-PC" failures="0" tests="2" name="extent.Extent1" time="0.000" errors="0" timestamp="09 Nov 2022 08:44:26 GMT" skipped="2">
  <testcase classname="extent.Extent1" name="Testcase1" time="0.000">
    <skipped/>
  </testcase> <!-- Testcase1 -->
  <testcase classname="extent.Extent1" name="TestCase2" time="0.000">
    <skipped/>
  </testcase> <!-- TestCase2 -->
</testsuite> <!-- extent.Extent1 -->
