<?xml version="1.0" encoding="UTF-8"?>
<!-- Generated by org.testng.reporters.JUnitReportReporter -->
<testsuite hostname="DELL-PC" failures="0" tests="3" name="scripts.Vtiger" time="23.391" errors="0" timestamp="01 Nov 2022 08:01:53 GMT" skipped="0">
  <testcase classname="scripts.Vtiger" name="TestCase1" time="7.858"/>
  <testcase classname="scripts.Vtiger" name="TestCase2" time="15.307"/>
  <testcase classname="scripts.Vtiger" name="TestCase3" time="0.226"/>
</testsuite> <!-- scripts.Vtiger -->
