<?xml version="1.0" encoding="UTF-8"?>
<!-- Generated by org.testng.reporters.JUnitReportReporter -->
<testsuite hostname="DELL-PC" failures="0" tests="1" name="googleScripts.TestgoogleSearch" time="8.326" errors="0" timestamp="31 Oct 2022 09:08:52 GMT" skipped="0">
  <testcase classname="googleScripts.TestgoogleSearch" name="testsearch" time="8.326"/>
</testsuite> <!-- googleScripts.TestgoogleSearch -->
