<?xml version="1.0" encoding="UTF-8"?>
<!-- Generated by org.testng.reporters.JUnitReportReporter -->
<testsuite hostname="DELL-PC" failures="0" tests="4" name="basictestng.MultipleTestMethodInClass" time="0.000" errors="0" timestamp="09 Nov 2022 08:44:26 GMT" skipped="4">
  <testcase classname="basictestng.MultipleTestMethodInClass" name="testCaseLogin" time="0.000">
    <skipped/>
  </testcase> <!-- testCaseLogin -->
  <testcase classname="basictestng.MultipleTestMethodInClass" name="testCaseCreation" time="0.000">
    <skipped/>
  </testcase> <!-- testCaseCreation -->
  <testcase classname="basictestng.MultipleTestMethodInClass" name="testCaseSignup" time="0.000">
    <skipped/>
  </testcase> <!-- testCaseSignup -->
  <testcase classname="basictestng.MultipleTestMethodInClass" name="testCaseDeletion" time="0.000">
    <skipped/>
  </testcase> <!-- testCaseDeletion -->
</testsuite> <!-- basictestng.MultipleTestMethodInClass -->
