<?xml version="1.0" encoding="UTF-8"?>
<!-- Generated by org.testng.reporters.JUnitReportReporter -->
<testsuite hostname="DELL-PC" failures="0" tests="3" name="advanceTestNgPractice.IncludeandExclude" time="0.000" errors="0" timestamp="09 Nov 2022 08:44:27 GMT" skipped="3">
  <testcase classname="advanceTestNgPractice.IncludeandExclude" name="addDepartmentTestcase" time="0.000">
    <skipped/>
  </testcase> <!-- addDepartmentTestcase -->
  <testcase classname="advanceTestNgPractice.IncludeandExclude" name="addLocationtestCase" time="0.000">
    <skipped/>
  </testcase> <!-- addLocationtestCase -->
  <testcase classname="advanceTestNgPractice.IncludeandExclude" name="addEmployeeTestcase" time="0.000">
    <skipped/>
  </testcase> <!-- addEmployeeTestcase -->
</testsuite> <!-- advanceTestNgPractice.IncludeandExclude -->
