<?xml version="1.0" encoding="UTF-8"?>
<!-- Generated by org.testng.reporters.JUnitReportReporter -->
<testsuite hostname="DELL-PC" failures="0" tests="3" name="advancetestng.IncludeAndExcludeTestMethods" time="0.000" errors="0" timestamp="09 Nov 2022 08:44:26 GMT" skipped="3">
  <testcase classname="advancetestng.IncludeAndExcludeTestMethods" name="addLocationTestCase" time="0.000">
    <skipped/>
  </testcase> <!-- addLocationTestCase -->
  <testcase classname="advancetestng.IncludeAndExcludeTestMethods" name="addDepartmentTestCase" time="0.000">
    <skipped/>
  </testcase> <!-- addDepartmentTestCase -->
  <testcase classname="advancetestng.IncludeAndExcludeTestMethods" name="addEmployeeTestCase" time="0.000">
    <skipped/>
  </testcase> <!-- addEmployeeTestCase -->
</testsuite> <!-- advancetestng.IncludeAndExcludeTestMethods -->
