<?xml version="1.0" encoding="UTF-8"?>
<!-- Generated by org.testng.reporters.JUnitReportReporter -->
<testsuite hostname="DELL-PC" failures="0" tests="3" name="webscripts.TestLeadsPage" time="0.000" errors="0" timestamp="09 Nov 2022 08:44:26 GMT" skipped="3">
  <testcase classname="webscripts.TestLeadsPage" name="testLeadCreation" time="0.000">
    <skipped/>
  </testcase> <!-- testLeadCreation -->
  <testcase classname="webscripts.TestLeadsPage" name="testLeadModification" time="0.000">
    <skipped/>
  </testcase> <!-- testLeadModification -->
  <testcase classname="webscripts.TestLeadsPage" name="testLeadDeletion" time="0.000">
    <skipped/>
  </testcase> <!-- testLeadDeletion -->
</testsuite> <!-- webscripts.TestLeadsPage -->
