<?xml version="1.0" encoding="UTF-8"?>
<!-- Generated by org.testng.reporters.JUnitReportReporter -->
<testsuite hostname="DELL-PC" failures="0" tests="2" name="runTimeRetryfailedTc.Test001" time="0.000" errors="0" timestamp="09 Nov 2022 08:44:27 GMT" skipped="2">
  <testcase classname="runTimeRetryfailedTc.Test001" name="Test1" time="0.000">
    <skipped/>
  </testcase> <!-- Test1 -->
  <testcase classname="runTimeRetryfailedTc.Test001" name="Test2" time="0.000">
    <skipped/>
  </testcase> <!-- Test2 -->
</testsuite> <!-- runTimeRetryfailedTc.Test001 -->
