<?xml version="1.0" encoding="UTF-8"?>
<!-- Generated by org.testng.reporters.JUnitReportReporter -->
<testsuite hostname="DELL-PC" failures="0" tests="4" name="advancetestng.Parameterization" time="0.000" errors="0" timestamp="09 Nov 2022 08:44:27 GMT" skipped="4">
  <testcase classname="advancetestng.Parameterization" name="testCaseOne" time="0.000">
    <skipped/>
  </testcase> <!-- testCaseOne -->
  <testcase classname="advancetestng.Parameterization" name="testCaseTwo" time="0.000">
    <skipped/>
  </testcase> <!-- testCaseTwo -->
  <testcase classname="advancetestng.Parameterization" name="testLoginOfVtiger" time="0.000">
    <skipped/>
  </testcase> <!-- testLoginOfVtiger -->
  <testcase classname="advancetestng.Parameterization" name="testCaseThree" time="0.000">
    <skipped/>
  </testcase> <!-- testCaseThree -->
</testsuite> <!-- advancetestng.Parameterization -->
