<?xml version="1.0" encoding="UTF-8"?>
<!-- Generated by org.testng.reporters.JUnitReportReporter -->
<testsuite hostname="DELL-PC" failures="0" tests="10" name="datadriventesting.ExcelOperations" time="0.000" errors="0" timestamp="09 Nov 2022 08:44:26 GMT" skipped="10">
  <testcase classname="datadriventesting.ExcelOperations" name="createAndInsertValueInCell" time="0.000">
    <skipped/>
  </testcase> <!-- createAndInsertValueInCell -->
  <testcase classname="datadriventesting.ExcelOperations" name="getCompleteDataFromScepecificSheet" time="0.000">
    <skipped/>
  </testcase> <!-- getCompleteDataFromScepecificSheet -->
  <testcase classname="datadriventesting.ExcelOperations" name="getRowsCountFromSheet" time="0.000">
    <skipped/>
  </testcase> <!-- getRowsCountFromSheet -->
  <testcase classname="datadriventesting.ExcelOperations" name="updateCellValue" time="0.000">
    <skipped/>
  </testcase> <!-- updateCellValue -->
  <testcase classname="datadriventesting.ExcelOperations" name="getSheetName" time="0.000">
    <skipped/>
  </testcase> <!-- getSheetName -->
  <testcase classname="datadriventesting.ExcelOperations" name="getCellValueFromParticularRow" time="0.000">
    <skipped/>
  </testcase> <!-- getCellValueFromParticularRow -->
  <testcase classname="datadriventesting.ExcelOperations" name="getFirstCellValueFromEachRow" time="0.000">
    <skipped/>
  </testcase> <!-- getFirstCellValueFromEachRow -->
  <testcase classname="datadriventesting.ExcelOperations" name="performRowOperations">
    <skipped/>
  </testcase> <!-- performRowOperations -->
  <testcase classname="datadriventesting.ExcelOperations" name="performOperationOnCell">
    <skipped/>
  </testcase> <!-- performOperationOnCell -->
  <testcase classname="datadriventesting.ExcelOperations" name="performOperationOnSheet">
    <skipped/>
  </testcase> <!-- performOperationOnSheet -->
</testsuite> <!-- datadriventesting.ExcelOperations -->
