<?xml version="1.0" encoding="UTF-8"?>
<!-- Generated by org.testng.reporters.JUnitReportReporter -->
<testsuite hostname="DELL-PC" failures="0" tests="3" name="basictestng.Sample3" time="0.000" errors="0" timestamp="09 Nov 2022 08:44:27 GMT" skipped="3">
  <testcase classname="basictestng.Sample3" name="login" time="0.000">
    <skipped/>
  </testcase> <!-- login -->
  <testcase classname="basictestng.Sample3" name="compose" time="0.000">
    <skipped/>
  </testcase> <!-- compose -->
  <testcase classname="basictestng.Sample3" name="signUp" time="0.000">
    <skipped/>
  </testcase> <!-- signUp -->
</testsuite> <!-- basictestng.Sample3 -->
