<?xml version="1.0" encoding="UTF-8"?>
<!-- Generated by org.testng.reporters.JUnitReportReporter -->
<testsuite hostname="DELL-PC" failures="0" tests="4" name="basictestng.Actitime_DependsOn" time="0.000" errors="0" timestamp="09 Nov 2022 08:44:26 GMT" skipped="4">
  <testcase classname="basictestng.Actitime_DependsOn" name="openBrowserAndAppURL" time="0.000">
    <skipped/>
  </testcase> <!-- openBrowserAndAppURL -->
  <testcase classname="basictestng.Actitime_DependsOn" name="createTask" time="0.000">
    <skipped/>
  </testcase> <!-- createTask -->
  <testcase classname="basictestng.Actitime_DependsOn" name="login" time="0.000">
    <skipped/>
  </testcase> <!-- login -->
  <testcase classname="basictestng.Actitime_DependsOn" name="logoutClose" time="0.000">
    <skipped/>
  </testcase> <!-- logoutClose -->
</testsuite> <!-- basictestng.Actitime_DependsOn -->
