<?xml version="1.0" encoding="UTF-8"?>
<!-- Generated by org.testng.reporters.JUnitReportReporter -->
<testsuite hostname="DELL-PC" failures="0" tests="5" name="advancetestng.GroupExamples" time="0.000" errors="0" timestamp="09 Nov 2022 08:44:26 GMT" skipped="5">
  <testcase classname="advancetestng.GroupExamples" name="testCaseFour" time="0.000">
    <skipped/>
  </testcase> <!-- testCaseFour -->
  <testcase classname="advancetestng.GroupExamples" name="testCaseThree" time="0.000">
    <skipped/>
  </testcase> <!-- testCaseThree -->
  <testcase classname="advancetestng.GroupExamples" name="testCaseOne" time="0.000">
    <skipped/>
  </testcase> <!-- testCaseOne -->
  <testcase classname="advancetestng.GroupExamples" name="testCaseFive" time="0.000">
    <skipped/>
  </testcase> <!-- testCaseFive -->
  <testcase classname="advancetestng.GroupExamples" name="testCaseTwo" time="0.000">
    <skipped/>
  </testcase> <!-- testCaseTwo -->
</testsuite> <!-- advancetestng.GroupExamples -->
