<?xml version="1.0" encoding="UTF-8"?>
<!-- Generated by org.testng.reporters.JUnitReportReporter -->
<testsuite hostname="DELL-PC" failures="0" tests="2" name="advancetestng.TestParallelExecution" time="0.000" errors="0" timestamp="09 Nov 2022 08:44:26 GMT" skipped="2">
  <testcase classname="advancetestng.TestParallelExecution" name="testLoginOfActitime" time="0.000">
    <skipped/>
  </testcase> <!-- testLoginOfActitime -->
  <testcase classname="advancetestng.TestParallelExecution" name="testLoginOfVtiger" time="0.000">
    <skipped/>
  </testcase> <!-- testLoginOfVtiger -->
</testsuite> <!-- advancetestng.TestParallelExecution -->
