<?xml version="1.0" encoding="UTF-8"?>
<!-- Generated by org.testng.reporters.JUnitReportReporter -->
<testsuite hostname="DELL-PC" failures="0" tests="2" name="basictestng.GoogleApplicationWithBeforeAfterMethod" time="0.000" errors="0" timestamp="09 Nov 2022 08:44:26 GMT" skipped="2">
  <testcase classname="basictestng.GoogleApplicationWithBeforeAfterMethod" name="testSearch" time="0.000">
    <skipped/>
  </testcase> <!-- testSearch -->
  <testcase classname="basictestng.GoogleApplicationWithBeforeAfterMethod" name="testGoogleLandingPage" time="0.000">
    <skipped/>
  </testcase> <!-- testGoogleLandingPage -->
</testsuite> <!-- basictestng.GoogleApplicationWithBeforeAfterMethod -->
