<?xml version="1.0" encoding="UTF-8"?>
<!-- Generated by org.testng.reporters.JUnitReportReporter -->
<testsuite hostname="DELL-PC" failures="0" tests="3" name="basictestng.Sample2" time="0.000" errors="0" timestamp="09 Nov 2022 08:44:26 GMT" skipped="3">
  <testcase classname="basictestng.Sample2" name="testCase1" time="0.000">
    <skipped/>
  </testcase> <!-- testCase1 -->
  <testcase classname="basictestng.Sample2" name="testCase2" time="0.000">
    <skipped/>
  </testcase> <!-- testCase2 -->
  <testcase classname="basictestng.Sample2" name="testCase3" time="0.000">
    <skipped/>
  </testcase> <!-- testCase3 -->
</testsuite> <!-- basictestng.Sample2 -->
